build/outputs/apk/manifest-merger-debug-report.txt
-- Merging decision tree log ---
manifest
ADDED from AndroidManifest.xml:2:1
	xmlns:android
		ADDED from AndroidManifest.xml:2:11
	package
		ADDED from AndroidManifest.xml:3:7
		INJECTED from AndroidManifest.xml:0:0
		INJECTED from AndroidManifest.xml:0:0
	android:versionName
		ADDED from AndroidManifest.xml:5:7
		INJECTED from AndroidManifest.xml:0:0
		INJECTED from AndroidManifest.xml:0:0
	android:versionCode
		ADDED from AndroidManifest.xml:4:7
		INJECTED from AndroidManifest.xml:0:0
		INJECTED from AndroidManifest.xml:0:0
uses-permission#android.permission.INTERNET
ADDED from AndroidManifest.xml:6:7
	android:name
		ADDED from AndroidManifest.xml:6:24
uses-permission#android.permission.ACCESS_FINE_LOCATION
ADDED from AndroidManifest.xml:7:11
	android:name
		ADDED from AndroidManifest.xml:7:28
uses-permission#android.permission.ACCESS_NETWORK_STATE
ADDED from AndroidManifest.xml:8:11
	android:name
		ADDED from AndroidManifest.xml:8:28
uses-permission#android.permission.WRITE_EXTERNAL_STORAGE
ADDED from AndroidManifest.xml:9:11
	android:name
		ADDED from AndroidManifest.xml:9:28
uses-permission#com.google.android.providers.gsf.permission.READ_GSERVICES
ADDED from AndroidManifest.xml:10:11
	android:name
		ADDED from AndroidManifest.xml:10:28
uses-permission#android.permission.ACCESS_COARSE_LOCATION
ADDED from AndroidManifest.xml:11:11
	android:name
		ADDED from AndroidManifest.xml:11:28
uses-feature#0x00020000
ADDED from AndroidManifest.xml:12:11
	android:required
		ADDED from AndroidManifest.xml:14:15
	android:glEsVersion
		ADDED from AndroidManifest.xml:13:15
application
ADDED from AndroidManifest.xml:15:5
MERGED from BusPoint:google-play-services_lib:unspecified:27:5
MERGED from com.android.support:appcompat-v7:20.0.0:17:5
MERGED from com.android.support:support-v4:20.0.0:17:5
	android:label
		ADDED from AndroidManifest.xml:16:9
	android:icon
		ADDED from AndroidManifest.xml:17:9
	android:theme
		ADDED from AndroidManifest.xml:18:9
activity#com.project.buspoint.activities.SplashActivity
ADDED from AndroidManifest.xml:20:9
	android:name
		ADDED from AndroidManifest.xml:20:19
intent-filter#android.intent.action.MAIN+android.intent.category.LAUNCHER
ADDED from AndroidManifest.xml:21:9
action#android.intent.action.MAIN
ADDED from AndroidManifest.xml:22:13
	android:name
		ADDED from AndroidManifest.xml:22:21
category#android.intent.category.LAUNCHER
ADDED from AndroidManifest.xml:23:13
	android:name
		ADDED from AndroidManifest.xml:23:23
activity#com.project.buspoint.activities.RutaListActivity
ADDED from AndroidManifest.xml:27:9
	android:label
		ADDED from AndroidManifest.xml:28:19
	android:name
		ADDED from AndroidManifest.xml:27:19
activity#com.project.buspoint.activities.BusMapActivity
ADDED from AndroidManifest.xml:32:9
	android:name
		ADDED from AndroidManifest.xml:32:19
meta-data#android.app.default_searchable
ADDED from AndroidManifest.xml:33:12
	android:name
		ADDED from AndroidManifest.xml:33:23
	android:value
		ADDED from AndroidManifest.xml:34:25
activity#com.project.buspoint.activities.SearchableActivity
ADDED from AndroidManifest.xml:37:7
	android:name
		ADDED from AndroidManifest.xml:37:17
intent-filter#android.intent.action.SEARCH
ADDED from AndroidManifest.xml:38:7
action#android.intent.action.SEARCH
ADDED from AndroidManifest.xml:39:9
	android:name
		ADDED from AndroidManifest.xml:39:17
meta-data#android.app.searchable
ADDED from AndroidManifest.xml:41:7
	android:resource
		ADDED from AndroidManifest.xml:42:9
	android:name
		ADDED from AndroidManifest.xml:41:18
activity#com.project.buspoint.activities.AppPreferencesActivity
ADDED from AndroidManifest.xml:46:7
	android:name
		ADDED from AndroidManifest.xml:46:17
meta-data#com.google.android.maps.v2.API_KEY
ADDED from AndroidManifest.xml:50:7
	android:name
		ADDED from AndroidManifest.xml:51:11
	android:value
		ADDED from AndroidManifest.xml:52:11
meta-data#com.google.android.gms.version
ADDED from AndroidManifest.xml:54:9
	android:name
		ADDED from AndroidManifest.xml:54:20
	android:value
		ADDED from AndroidManifest.xml:55:13
uses-sdk
INJECTED from AndroidManifest.xml:0:0 reason: use-sdk injection requested
MERGED from BusPoint:google-play-services_lib:unspecified:23:5
MERGED from com.android.support:appcompat-v7:20.0.0:16:5
MERGED from com.android.support:support-v4:20.0.0:16:5
	android:targetSdkVersion
		INJECTED from AndroidManifest.xml:0:0
		INJECTED from AndroidManifest.xml:0:0
	android:minSdkVersion
		INJECTED from AndroidManifest.xml:0:0
		INJECTED from AndroidManifest.xml:0:0